<?xml version="1.0" encoding="UTF-8"?>
<testng-results skipped="0" failed="0" ignored="0" total="2" passed="2">
  <reporter-output>
  </reporter-output>
  <suite name="Suite" duration-ms="82563" started-at="2020-11-23T13:57:38Z" finished-at="2020-11-23T13:59:01Z">
    <groups>
    </groups>
    <test name="Test" duration-ms="82563" started-at="2020-11-23T13:57:38Z" finished-at="2020-11-23T13:59:01Z">
      <class name="com.get.project.MavenAppium.SeleniumTest">
        <test-method status="PASS" signature="launchsite()[pri:0, instance:com.get.project.MavenAppium.SeleniumTest@6fd02e5]" name="launchsite" duration-ms="17163" started-at="2020-11-23T13:58:44Z" finished-at="2020-11-23T13:59:01Z">
          <reporter-output>
          </reporter-output>
        </test-method> <!-- launchsite -->
      </class> <!-- com.get.project.MavenAppium.SeleniumTest -->
      <class name="com.get.project.MavenAppium.E_CommerceTC_04Test">
        <test-method status="PASS" signature="killProcess()[pri:0, instance:com.get.project.MavenAppium.E_CommerceTC_04Test@5700d6b1]" name="killProcess" is-config="true" duration-ms="3496" started-at="2020-11-23T13:57:38Z" finished-at="2020-11-23T13:57:42Z">
          <reporter-output>
          </reporter-output>
        </test-method> <!-- killProcess -->
        <test-method status="PASS" signature="execution()[pri:0, instance:com.get.project.MavenAppium.E_CommerceTC_04Test@5700d6b1]" name="execution" duration-ms="61885" started-at="2020-11-23T13:57:42Z" finished-at="2020-11-23T13:58:44Z">
          <reporter-output>
          </reporter-output>
        </test-method> <!-- execution -->
      </class> <!-- com.get.project.MavenAppium.E_CommerceTC_04Test -->
    </test> <!-- Test -->
  </suite> <!-- Suite -->
</testng-results>
