<?xml version="1.0" encoding="UTF-8"?>
<testng-results skipped="0" failed="0" ignored="0" total="2" passed="2">
  <reporter-output>
  </reporter-output>
  <suite name="Suite" duration-ms="119255" started-at="2020-11-23T08:56:44Z" finished-at="2020-11-23T08:58:43Z">
    <groups>
    </groups>
    <test name="Test" duration-ms="119255" started-at="2020-11-23T08:56:44Z" finished-at="2020-11-23T08:58:43Z">
      <class name="com.get.project.MavenAppium.SeleniumTest">
        <test-method status="PASS" signature="launchsite()[pri:0, instance:com.get.project.MavenAppium.SeleniumTest@7b49cea0]" name="launchsite" duration-ms="14843" started-at="2020-11-23T08:58:28Z" finished-at="2020-11-23T08:58:43Z">
          <reporter-output>
          </reporter-output>
        </test-method> <!-- launchsite -->
      </class> <!-- com.get.project.MavenAppium.SeleniumTest -->
      <class name="com.get.project.MavenAppium.E_CommerceTC_04Test">
        <test-method status="PASS" signature="killProcess()[pri:0, instance:com.get.project.MavenAppium.E_CommerceTC_04Test@61f8bee4]" name="killProcess" is-config="true" duration-ms="3310" started-at="2020-11-23T08:56:44Z" finished-at="2020-11-23T08:56:47Z">
          <reporter-output>
          </reporter-output>
        </test-method> <!-- killProcess -->
        <test-method status="PASS" signature="execution()[pri:0, instance:com.get.project.MavenAppium.E_CommerceTC_04Test@61f8bee4]" name="execution" duration-ms="101006" started-at="2020-11-23T08:56:47Z" finished-at="2020-11-23T08:58:28Z">
          <reporter-output>
          </reporter-output>
        </test-method> <!-- execution -->
      </class> <!-- com.get.project.MavenAppium.E_CommerceTC_04Test -->
    </test> <!-- Test -->
  </suite> <!-- Suite -->
</testng-results>
